0 info it worked if it ends with ok
1 verbose cli [ '/usr/local/bin/node',
1 verbose cli   '/usr/local/bin/npm',
1 verbose cli   'i',
1 verbose cli   '-g',
1 verbose cli   'webpack-dev-server' ]
2 info using npm@2.15.9
3 info using node@v4.5.0
4 verbose install initial load of /usr/local/lib/package.json
5 verbose readDependencies loading dependencies from /usr/local/lib/package.json
6 silly cache add args [ 'webpack-dev-server', null ]
7 verbose cache add spec webpack-dev-server
8 silly cache add parsed spec Result {
8 silly cache add   raw: 'webpack-dev-server',
8 silly cache add   scope: null,
8 silly cache add   name: 'webpack-dev-server',
8 silly cache add   rawSpec: '',
8 silly cache add   spec: 'latest',
8 silly cache add   type: 'tag' }
9 silly addNamed webpack-dev-server@latest
10 verbose addNamed "latest" is being treated as a dist-tag for webpack-dev-server
11 info addNameTag [ 'webpack-dev-server', 'latest' ]
12 silly mapToRegistry name webpack-dev-server
13 silly mapToRegistry using default registry
14 silly mapToRegistry registry https://registry.npmjs.org/
15 silly mapToRegistry data Result {
15 silly mapToRegistry   raw: 'webpack-dev-server',
15 silly mapToRegistry   scope: null,
15 silly mapToRegistry   name: 'webpack-dev-server',
15 silly mapToRegistry   rawSpec: '',
15 silly mapToRegistry   spec: 'latest',
15 silly mapToRegistry   type: 'tag' }
16 silly mapToRegistry uri https://registry.npmjs.org/webpack-dev-server
17 verbose addNameTag registry:https://registry.npmjs.org/webpack-dev-server not in flight; fetching
18 verbose request uri https://registry.npmjs.org/webpack-dev-server
19 verbose request no auth needed
20 info attempt registry request try #1 at 2:36:27 AM
21 verbose request id 5c215c033656c109
22 verbose etag W/"582b760c-243d7"
23 verbose lastModified Tue, 15 Nov 2016 20:54:36 GMT
24 http request GET https://registry.npmjs.org/webpack-dev-server
25 http 200 https://registry.npmjs.org/webpack-dev-server
26 verbose headers { server: 'nginx/1.10.1',
26 verbose headers   'content-type': 'application/json',
26 verbose headers   'last-modified': 'Sat, 19 Nov 2016 12:04:30 GMT',
26 verbose headers   etag: 'W/"58303fce-243e5"',
26 verbose headers   'content-encoding': 'gzip',
26 verbose headers   'cache-control': 'max-age=300',
26 verbose headers   'content-length': '10748',
26 verbose headers   'accept-ranges': 'bytes',
26 verbose headers   date: 'Mon, 21 Nov 2016 21:06:26 GMT',
26 verbose headers   via: '1.1 varnish',
26 verbose headers   age: '0',
26 verbose headers   connection: 'keep-alive',
26 verbose headers   'x-served-by': 'cache-sin6926-SIN',
26 verbose headers   'x-cache': 'HIT',
26 verbose headers   'x-cache-hits': '1',
26 verbose headers   'x-timer': 'S1479762386.592131,VS0,VE103',
26 verbose headers   vary: 'Accept-Encoding' }
27 silly get cb [ 200,
27 silly get   { server: 'nginx/1.10.1',
27 silly get     'content-type': 'application/json',
27 silly get     'last-modified': 'Sat, 19 Nov 2016 12:04:30 GMT',
27 silly get     etag: 'W/"58303fce-243e5"',
27 silly get     'content-encoding': 'gzip',
27 silly get     'cache-control': 'max-age=300',
27 silly get     'content-length': '10748',
27 silly get     'accept-ranges': 'bytes',
27 silly get     date: 'Mon, 21 Nov 2016 21:06:26 GMT',
27 silly get     via: '1.1 varnish',
27 silly get     age: '0',
27 silly get     connection: 'keep-alive',
27 silly get     'x-served-by': 'cache-sin6926-SIN',
27 silly get     'x-cache': 'HIT',
27 silly get     'x-cache-hits': '1',
27 silly get     'x-timer': 'S1479762386.592131,VS0,VE103',
27 silly get     vary: 'Accept-Encoding' } ]
28 verbose get saving webpack-dev-server to /Users/ramsai/.npm/registry.npmjs.org/webpack-dev-server/.cache.json
29 verbose correctMkdir /Users/ramsai/.npm correctMkdir not in flight; initializing
30 silly addNameTag next cb for webpack-dev-server with tag latest
31 silly addNamed webpack-dev-server@1.16.2
32 verbose addNamed "1.16.2" is a plain semver version for webpack-dev-server
33 silly cache afterAdd webpack-dev-server@1.16.2
34 verbose afterAdd /Users/ramsai/.npm/webpack-dev-server/1.16.2/package/package.json not in flight; writing
35 verbose correctMkdir /Users/ramsai/.npm correctMkdir not in flight; initializing
36 verbose afterAdd /Users/ramsai/.npm/webpack-dev-server/1.16.2/package/package.json written
37 silly install resolved [ { name: 'webpack-dev-server',
37 silly install resolved     version: '1.16.2',
37 silly install resolved     author: { name: 'Tobias Koppers @sokra' },
37 silly install resolved     description: 'Serves a webpack app. Updates the browser on changes.',
37 silly install resolved     peerDependencies: { webpack: '>=1.3.0 <3' },
37 silly install resolved     dependencies:
37 silly install resolved      { compression: '^1.5.2',
37 silly install resolved        'connect-history-api-fallback': '^1.3.0',
37 silly install resolved        express: '^4.13.3',
37 silly install resolved        optimist: '~0.6.1',
37 silly install resolved        open: '0.0.5',
37 silly install resolved        'serve-index': '^1.7.2',
37 silly install resolved        sockjs: '^0.3.15',
37 silly install resolved        'sockjs-client': '^1.0.3',
37 silly install resolved        'stream-cache': '~0.0.1',
37 silly install resolved        'strip-ansi': '^3.0.0',
37 silly install resolved        'supports-color': '^3.1.1',
37 silly install resolved        'webpack-dev-middleware': '^1.4.0',
37 silly install resolved        'http-proxy-middleware': '~0.17.1' },
37 silly install resolved     devDependencies:
37 silly install resolved      { 'beautify-lint': '^1.0.4',
37 silly install resolved        'css-loader': '~0.23.0',
37 silly install resolved        eslint: '^1.10.3',
37 silly install resolved        'eslint-plugin-nodeca': '^1.0.3',
37 silly install resolved        'file-loader': '~0.9.0',
37 silly install resolved        jade: '^1.11.0',
37 silly install resolved        'jade-loader': '~0.8.0',
37 silly install resolved        jsbeautify: '^0.3.6',
37 silly install resolved        less: '^2.5.1',
37 silly install resolved        'less-loader': '~2.2.0',
37 silly install resolved        'style-loader': '~0.13.0',
37 silly install resolved        'url-loader': '~0.5.6',
37 silly install resolved        webpack: '^1.13.2' },
37 silly install resolved     license: 'MIT',
37 silly install resolved     repository:
37 silly install resolved      { type: 'git',
37 silly install resolved        url: 'git://github.com/webpack/webpack-dev-server.git' },
37 silly install resolved     homepage: 'http://github.com/webpack/webpack-dev-server',
37 silly install resolved     main: 'lib/Server.js',
37 silly install resolved     bin: { 'webpack-dev-server': 'bin/webpack-dev-server.js' },
37 silly install resolved     files: [ 'lib/', 'bin', 'client/', 'ssl/' ],
37 silly install resolved     scripts:
37 silly install resolved      { prepublish: 'webpack ./client/live.js client/live.bundle.js --colors --config client/webpack.config.js -p && webpack ./client/index.js client/index.bundle.js --colors --config client/webpack.config.js -p',
37 silly install resolved        lint: 'eslint bin lib test client/{index,live,socket,webpack.config}.js',
37 silly install resolved        'beautify-lint': 'beautify-lint lib/**.js bin/**.js',
37 silly install resolved        beautify: 'beautify-rewrite lib/**.js bin/**.js',
37 silly install resolved        travis: 'npm run lint && npm run beautify-lint && node lib/Server.js' },
37 silly install resolved     gitHead: 'bf741ce8143dc61e3e946536d1b1b42d3ed16355',
37 silly install resolved     bugs: { url: 'https://github.com/webpack/webpack-dev-server/issues' },
37 silly install resolved     _id: 'webpack-dev-server@1.16.2',
37 silly install resolved     _shasum: '8bebc2c4ce1c45a15c72dd769d9ba08db306a793',
37 silly install resolved     _from: 'webpack-dev-server@latest',
37 silly install resolved     _npmVersion: '3.10.3',
37 silly install resolved     _nodeVersion: '6.6.0',
37 silly install resolved     _npmUser: { name: 'spacek33z', email: 'kees@webduck.nl' },
37 silly install resolved     dist:
37 silly install resolved      { shasum: '8bebc2c4ce1c45a15c72dd769d9ba08db306a793',
37 silly install resolved        tarball: 'https://registry.npmjs.org/webpack-dev-server/-/webpack-dev-server-1.16.2.tgz' },
37 silly install resolved     maintainers: [ [Object], [Object], [Object] ],
37 silly install resolved     _npmOperationalInternal:
37 silly install resolved      { host: 'packages-16-east.internal.npmjs.com',
37 silly install resolved        tmp: 'tmp/webpack-dev-server-1.16.2.tgz_1475745172017_0.5996910983230919' },
37 silly install resolved     directories: {},
37 silly install resolved     _resolved: 'https://registry.npmjs.org/webpack-dev-server/-/webpack-dev-server-1.16.2.tgz',
37 silly install resolved     readme: 'ERROR: No README data found!' } ]
38 info install webpack-dev-server@1.16.2 into /usr/local/lib
39 info installOne webpack-dev-server@1.16.2
40 verbose installOne of webpack-dev-server to /usr/local/lib not in flight; installing
41 verbose correctMkdir /Users/ramsai/.npm/_locks correctMkdir not in flight; initializing
42 verbose lock using /Users/ramsai/.npm/_locks/webpack-dev-server-7cf3f6a4747c9e16.lock for /usr/local/lib/node_modules/webpack-dev-server
43 silly install write writing webpack-dev-server 1.16.2 to /usr/local/lib/node_modules/webpack-dev-server
44 verbose unbuild lib/node_modules/webpack-dev-server
45 silly gentlyRm /usr/local/lib/node_modules/webpack-dev-server is being purged from base /usr/local
46 verbose gentlyRm don't care about contents; nuking /usr/local/lib/node_modules/webpack-dev-server
47 verbose tar unpack /Users/ramsai/.npm/webpack-dev-server/1.16.2/package.tgz
48 verbose tar unpacking to /usr/local/lib/node_modules/webpack-dev-server
49 silly gentlyRm /usr/local/lib/node_modules/webpack-dev-server is being purged
50 verbose gentlyRm don't care about contents; nuking /usr/local/lib/node_modules/webpack-dev-server
51 silly gunzTarPerm modes [ '755', '644' ]
52 error tar.unpack untar error /Users/ramsai/.npm/webpack-dev-server/1.16.2/package.tgz
53 verbose unlock done using /Users/ramsai/.npm/_locks/webpack-dev-server-7cf3f6a4747c9e16.lock for /usr/local/lib/node_modules/webpack-dev-server
54 verbose fstream_path /usr/local/lib/node_modules/webpack-dev-server
55 verbose fstream_type Directory
56 verbose fstream_class DirWriter
57 verbose stack Error: EACCES: permission denied, mkdir '/usr/local/lib/node_modules/webpack-dev-server'
57 verbose stack     at Error (native)
58 verbose fstream_stack /usr/local/lib/node_modules/npm/node_modules/fstream/lib/dir-writer.js:35:25
58 verbose fstream_stack /usr/local/lib/node_modules/npm/node_modules/mkdirp/index.js:47:53
58 verbose fstream_stack FSReqWrap.oncomplete (fs.js:82:15)
59 verbose cwd /Users/ramsai/Documents/AtomDocs/ReactReduxCourseUdemy/NewsFeedPractice/ReactNewsFeed/ReactNewsFeedApp_v3
60 error Darwin 16.1.0
61 error argv "/usr/local/bin/node" "/usr/local/bin/npm" "i" "-g" "webpack-dev-server"
62 error node v4.5.0
63 error npm  v2.15.9
64 error path /usr/local/lib/node_modules/webpack-dev-server
65 error code EACCES
66 error errno -13
67 error syscall mkdir
68 error Error: EACCES: permission denied, mkdir '/usr/local/lib/node_modules/webpack-dev-server'
68 error     at Error (native)
68 error  { [Error: EACCES: permission denied, mkdir '/usr/local/lib/node_modules/webpack-dev-server']
68 error   errno: -13,
68 error   code: 'EACCES',
68 error   syscall: 'mkdir',
68 error   path: '/usr/local/lib/node_modules/webpack-dev-server',
68 error   fstream_type: 'Directory',
68 error   fstream_path: '/usr/local/lib/node_modules/webpack-dev-server',
68 error   fstream_class: 'DirWriter',
68 error   fstream_stack:
68 error    [ '/usr/local/lib/node_modules/npm/node_modules/fstream/lib/dir-writer.js:35:25',
68 error      '/usr/local/lib/node_modules/npm/node_modules/mkdirp/index.js:47:53',
68 error      'FSReqWrap.oncomplete (fs.js:82:15)' ] }
69 error Please try running this command again as root/Administrator.
70 verbose exit [ -13, true ]
71 verbose unbuild lib/node_modules/webpack-dev-server
72 silly gentlyRm /usr/local/lib/node_modules/webpack-dev-server is being purged from base /usr/local
73 verbose gentlyRm don't care about contents; nuking /usr/local/lib/node_modules/webpack-dev-server
